<?xml version="1.0" encoding="UTF-8"?>
<testsuite name="demo.AppTest" tests="1" skipped="0" failures="0" errors="0" timestamp="2022-12-01T14:06:03" hostname="AMAR7H7GK9190" time="0.081">
  <properties/>
  <testcase name="application can run" classname="demo.AppTest" time="0.081"/>
  <system-out><![CDATA[]]></system-out>
  <system-err><![CDATA[]]></system-err>
</testsuite>
